<?xml version="1.0" encoding="UTF-8"?>
<!-- Generated by org.testng.reporters.JUnitReportReporter -->
<testsuite hostname="DESKTOP-5KF0IL0" failures="0" tests="1" name="Testcase.LoginTest" time="56.178" errors="0" timestamp="2024-11-07T13:22:51 IST" skipped="0">
  <testcase classname="Testcase.LoginTest" name="testexecution" time="56.178"/>
</testsuite> <!-- Testcase.LoginTest -->
